2024-07-31 12:25:05,061 INFO o.a.j.u.JMeterUtils: Setting Locale to en_EN
2024-07-31 12:25:05,096 INFO o.a.j.JMeter: Loading user properties from: /Users/ALJOVANOVW1/Documents/apache-jmeter-5.6.3/bin/user.properties
2024-07-31 12:25:05,098 INFO o.a.j.JMeter: Loading system properties from: /Users/ALJOVANOVW1/Documents/apache-jmeter-5.6.3/bin/system.properties
2024-07-31 12:25:05,106 INFO o.a.j.JMeter: Copyright (c) 1998-2024 The Apache Software Foundation
2024-07-31 12:25:05,106 INFO o.a.j.JMeter: Version 5.6.3
2024-07-31 12:25:05,106 INFO o.a.j.JMeter: java.version=11.0.23
2024-07-31 12:25:05,106 INFO o.a.j.JMeter: java.vm.name=OpenJDK 64-Bit Server VM
2024-07-31 12:25:05,106 INFO o.a.j.JMeter: os.name=Mac OS X
2024-07-31 12:25:05,106 INFO o.a.j.JMeter: os.arch=x86_64
2024-07-31 12:25:05,106 INFO o.a.j.JMeter: os.version=14.5
2024-07-31 12:25:05,107 INFO o.a.j.JMeter: file.encoding=UTF-8
2024-07-31 12:25:05,107 INFO o.a.j.JMeter: java.awt.headless=true
2024-07-31 12:25:05,107 INFO o.a.j.JMeter: Max memory     =1073741824
2024-07-31 12:25:05,107 INFO o.a.j.JMeter: Available Processors =8
2024-07-31 12:25:05,116 INFO o.a.j.JMeter: Default Locale=English (EN)
2024-07-31 12:25:05,116 INFO o.a.j.JMeter: JMeter  Locale=English (EN)
2024-07-31 12:25:05,116 INFO o.a.j.JMeter: JMeterHome=/Users/ALJOVANOVW1/Documents/apache-jmeter-5.6.3
2024-07-31 12:25:05,116 INFO o.a.j.JMeter: user.dir  =/Users/ALJOVANOVW1/Documents/Streamify/JMeter
2024-07-31 12:25:05,116 INFO o.a.j.JMeter: PWD       =/Users/ALJOVANOVW1/Documents/Streamify/JMeter
2024-07-31 12:25:05,118 INFO o.a.j.JMeter: IP: 127.0.0.1 Name: ALJOVANOVW.local FullName: localhost
2024-07-31 12:25:05,145 INFO o.a.j.s.FileServer: Default base='/Users/ALJOVANOVW1/Documents/Streamify/JMeter'
2024-07-31 12:25:05,147 INFO o.a.j.s.FileServer: Set new base='/Users/ALJOVANOVW1/Documents/Streamify/JMeter'
2024-07-31 12:25:05,418 INFO o.a.j.s.SaveService: Testplan (JMX) version: 2.2. Testlog (JTL) version: 2.2
2024-07-31 12:25:05,452 INFO o.a.j.s.SaveService: Using SaveService properties version 5.0
2024-07-31 12:25:05,456 INFO o.a.j.s.SaveService: Using SaveService properties file encoding UTF-8
2024-07-31 12:25:05,461 INFO o.a.j.s.SaveService: Loading file: Video Streaming test.jmx
2024-07-31 12:25:05,543 INFO o.a.j.p.h.s.HTTPSamplerBase: Parser for text/html is org.apache.jmeter.protocol.http.parser.LagartoBasedHtmlParser
2024-07-31 12:25:05,543 INFO o.a.j.p.h.s.HTTPSamplerBase: Parser for application/xhtml+xml is org.apache.jmeter.protocol.http.parser.LagartoBasedHtmlParser
2024-07-31 12:25:05,543 INFO o.a.j.p.h.s.HTTPSamplerBase: Parser for application/xml is org.apache.jmeter.protocol.http.parser.LagartoBasedHtmlParser
2024-07-31 12:25:05,543 INFO o.a.j.p.h.s.HTTPSamplerBase: Parser for text/xml is org.apache.jmeter.protocol.http.parser.LagartoBasedHtmlParser
2024-07-31 12:25:05,543 INFO o.a.j.p.h.s.HTTPSamplerBase: Parser for text/vnd.wap.wml is org.apache.jmeter.protocol.http.parser.RegexpHTMLParser
2024-07-31 12:25:05,543 INFO o.a.j.p.h.s.HTTPSamplerBase: Parser for text/css is org.apache.jmeter.protocol.http.parser.CssParser
2024-07-31 12:25:05,580 INFO o.a.j.JMeter: Creating summariser <summary>
2024-07-31 12:25:05,597 INFO o.a.j.e.StandardJMeterEngine: Running the test!
2024-07-31 12:25:05,598 INFO o.a.j.s.SampleEvent: List of sample_variables: []
2024-07-31 12:25:05,599 INFO o.a.j.s.SampleEvent: List of sample_variables: []
2024-07-31 12:25:05,613 INFO o.a.j.e.u.CompoundVariable: Note: Function class names must contain the string: '.functions.'
2024-07-31 12:25:05,613 INFO o.a.j.e.u.CompoundVariable: Note: Function class names must not contain the string: '.gui.'
2024-07-31 12:25:06,008 INFO o.a.j.JMeter: Running test (1722421506008)
2024-07-31 12:25:06,032 INFO o.a.j.e.StandardJMeterEngine: Starting ThreadGroup: 1 : Thread Group
2024-07-31 12:25:06,032 INFO o.a.j.e.StandardJMeterEngine: Starting 100 threads for group Thread Group.
2024-07-31 12:25:06,032 INFO o.a.j.e.StandardJMeterEngine: Thread will continue on error
2024-07-31 12:25:06,032 INFO o.a.j.t.ThreadGroup: Starting thread group... number=1 threads=100 ramp-up=1 delayedStart=false
2024-07-31 12:25:06,049 INFO o.a.j.t.JMeterThread: Thread started: Thread Group 1-1
2024-07-31 12:25:06,055 INFO o.a.j.t.JMeterThread: Thread started: Thread Group 1-2
2024-07-31 12:25:06,063 INFO o.a.j.t.JMeterThread: Thread started: Thread Group 1-3
2024-07-31 12:25:06,068 INFO o.a.j.t.JMeterThread: Thread started: Thread Group 1-4
2024-07-31 12:25:06,081 INFO o.a.j.t.JMeterThread: Thread started: Thread Group 1-5
2024-07-31 12:25:06,086 INFO o.a.j.p.h.s.HTTPHCAbstractImpl: Local host = ALJOVANOVW.local
2024-07-31 12:25:06,088 INFO o.a.j.t.JMeterThread: Thread started: Thread Group 1-6
2024-07-31 12:25:06,092 INFO o.a.j.t.ThreadGroup: Started thread group number 1
2024-07-31 12:25:06,092 INFO o.a.j.e.StandardJMeterEngine: All thread groups have been started
2024-07-31 12:25:06,099 INFO o.a.j.p.h.s.HTTPHC4Impl: HTTP request retry count = 0
2024-07-31 12:25:06,101 INFO o.a.j.s.SampleResult: Note: Sample TimeStamps are START times
2024-07-31 12:25:06,101 INFO o.a.j.s.SampleResult: sampleresult.default.encoding is set to UTF-8
2024-07-31 12:25:06,101 INFO o.a.j.s.SampleResult: sampleresult.useNanoTime=true
2024-07-31 12:25:06,101 INFO o.a.j.s.SampleResult: sampleresult.nanoThreadSleep=5000
2024-07-31 12:25:06,102 INFO o.a.j.t.JMeterThread: Thread started: Thread Group 1-7
2024-07-31 12:25:06,111 INFO o.a.j.t.JMeterThread: Thread started: Thread Group 1-8
2024-07-31 12:25:06,115 INFO o.a.j.t.JMeterThread: Thread started: Thread Group 1-9
2024-07-31 12:25:06,125 INFO o.a.j.t.JMeterThread: Thread started: Thread Group 1-10
2024-07-31 12:25:06,141 INFO o.a.j.t.JMeterThread: Thread started: Thread Group 1-11
2024-07-31 12:25:06,146 INFO o.a.j.t.JMeterThread: Thread started: Thread Group 1-12
2024-07-31 12:25:06,156 INFO o.a.j.t.JMeterThread: Thread started: Thread Group 1-13
2024-07-31 12:25:06,168 INFO o.a.j.t.JMeterThread: Thread started: Thread Group 1-14
2024-07-31 12:25:06,176 INFO o.a.j.t.JMeterThread: Thread started: Thread Group 1-15
2024-07-31 12:25:06,186 INFO o.a.j.t.JMeterThread: Thread started: Thread Group 1-16
2024-07-31 12:25:06,194 INFO o.a.j.t.JMeterThread: Thread started: Thread Group 1-17
2024-07-31 12:25:06,205 INFO o.a.j.t.JMeterThread: Thread started: Thread Group 1-18
2024-07-31 12:25:06,217 INFO o.a.j.t.JMeterThread: Thread started: Thread Group 1-19
2024-07-31 12:25:06,225 INFO o.a.j.t.JMeterThread: Thread started: Thread Group 1-20
2024-07-31 12:25:06,236 INFO o.a.j.t.JMeterThread: Thread started: Thread Group 1-21
2024-07-31 12:25:06,245 INFO o.a.j.t.JMeterThread: Thread started: Thread Group 1-22
2024-07-31 12:25:06,255 INFO o.a.j.t.JMeterThread: Thread started: Thread Group 1-23
2024-07-31 12:25:06,268 INFO o.a.j.t.JMeterThread: Thread started: Thread Group 1-24
2024-07-31 12:25:06,277 INFO o.a.j.t.JMeterThread: Thread started: Thread Group 1-25
2024-07-31 12:25:06,286 INFO o.a.j.t.JMeterThread: Thread started: Thread Group 1-26
2024-07-31 12:25:06,295 INFO o.a.j.t.JMeterThread: Thread started: Thread Group 1-27
2024-07-31 12:25:06,305 INFO o.a.j.t.JMeterThread: Thread started: Thread Group 1-28
2024-07-31 12:25:06,315 INFO o.a.j.t.JMeterThread: Thread started: Thread Group 1-29
2024-07-31 12:25:06,324 INFO o.a.j.t.JMeterThread: Thread started: Thread Group 1-30
2024-07-31 12:25:06,336 INFO o.a.j.t.JMeterThread: Thread started: Thread Group 1-31
2024-07-31 12:25:06,346 INFO o.a.j.t.JMeterThread: Thread started: Thread Group 1-32
2024-07-31 12:25:06,357 INFO o.a.j.t.JMeterThread: Thread started: Thread Group 1-33
2024-07-31 12:25:06,368 INFO o.a.j.t.JMeterThread: Thread started: Thread Group 1-34
2024-07-31 12:25:06,374 INFO o.a.j.t.JMeterThread: Thread started: Thread Group 1-35
2024-07-31 12:25:06,386 INFO o.a.j.t.JMeterThread: Thread started: Thread Group 1-36
2024-07-31 12:25:06,394 INFO o.a.j.t.JMeterThread: Thread started: Thread Group 1-37
2024-07-31 12:25:06,404 INFO o.a.j.t.JMeterThread: Thread started: Thread Group 1-38
2024-07-31 12:25:06,414 INFO o.a.j.t.JMeterThread: Thread started: Thread Group 1-39
2024-07-31 12:25:06,426 INFO o.a.j.t.JMeterThread: Thread started: Thread Group 1-40
2024-07-31 12:25:06,437 INFO o.a.j.t.JMeterThread: Thread started: Thread Group 1-41
2024-07-31 12:25:06,447 INFO o.a.j.t.JMeterThread: Thread started: Thread Group 1-42
2024-07-31 12:25:06,454 INFO o.a.j.t.JMeterThread: Thread started: Thread Group 1-43
2024-07-31 12:25:06,465 INFO o.a.j.t.JMeterThread: Thread started: Thread Group 1-44
2024-07-31 12:25:06,476 INFO o.a.j.t.JMeterThread: Thread started: Thread Group 1-45
2024-07-31 12:25:06,486 INFO o.a.j.t.JMeterThread: Thread started: Thread Group 1-46
2024-07-31 12:25:06,495 INFO o.a.j.t.JMeterThread: Thread started: Thread Group 1-47
2024-07-31 12:25:06,504 INFO o.a.j.t.JMeterThread: Thread started: Thread Group 1-48
2024-07-31 12:25:06,515 INFO o.a.j.t.JMeterThread: Thread started: Thread Group 1-49
2024-07-31 12:25:06,525 INFO o.a.j.t.JMeterThread: Thread started: Thread Group 1-50
2024-07-31 12:25:06,536 INFO o.a.j.t.JMeterThread: Thread started: Thread Group 1-51
2024-07-31 12:25:06,544 INFO o.a.j.t.JMeterThread: Thread started: Thread Group 1-52
2024-07-31 12:25:06,559 INFO o.a.j.t.JMeterThread: Thread started: Thread Group 1-53
2024-07-31 12:25:06,564 INFO o.a.j.t.JMeterThread: Thread started: Thread Group 1-54
2024-07-31 12:25:06,574 INFO o.a.j.t.JMeterThread: Thread started: Thread Group 1-55
2024-07-31 12:25:06,588 INFO o.a.j.t.JMeterThread: Thread started: Thread Group 1-56
2024-07-31 12:25:06,599 INFO o.a.j.t.JMeterThread: Thread started: Thread Group 1-57
2024-07-31 12:25:06,605 INFO o.a.j.t.JMeterThread: Thread started: Thread Group 1-58
2024-07-31 12:25:06,615 INFO o.a.j.t.JMeterThread: Thread started: Thread Group 1-59
2024-07-31 12:25:06,624 INFO o.a.j.t.JMeterThread: Thread started: Thread Group 1-60
2024-07-31 12:25:06,636 INFO o.a.j.t.JMeterThread: Thread started: Thread Group 1-61
2024-07-31 12:25:06,645 INFO o.a.j.t.JMeterThread: Thread started: Thread Group 1-62
2024-07-31 12:25:06,657 INFO o.a.j.t.JMeterThread: Thread started: Thread Group 1-63
2024-07-31 12:25:06,666 INFO o.a.j.t.JMeterThread: Thread started: Thread Group 1-64
2024-07-31 12:25:06,678 INFO o.a.j.t.JMeterThread: Thread started: Thread Group 1-65
2024-07-31 12:25:06,686 INFO o.a.j.t.JMeterThread: Thread started: Thread Group 1-66
2024-07-31 12:25:06,709 INFO o.a.j.t.JMeterThread: Thread started: Thread Group 1-67
2024-07-31 12:25:06,711 INFO o.a.j.t.JMeterThread: Thread started: Thread Group 1-68
2024-07-31 12:25:06,715 INFO o.a.j.t.JMeterThread: Thread started: Thread Group 1-69
2024-07-31 12:25:06,727 INFO o.a.j.t.JMeterThread: Thread started: Thread Group 1-70
2024-07-31 12:25:06,736 INFO o.a.j.t.JMeterThread: Thread started: Thread Group 1-71
2024-07-31 12:25:06,744 INFO o.a.j.t.JMeterThread: Thread started: Thread Group 1-72
2024-07-31 12:25:06,755 INFO o.a.j.t.JMeterThread: Thread started: Thread Group 1-73
2024-07-31 12:25:06,764 INFO o.a.j.t.JMeterThread: Thread started: Thread Group 1-74
2024-07-31 12:25:06,775 INFO o.a.j.t.JMeterThread: Thread started: Thread Group 1-75
2024-07-31 12:25:06,786 INFO o.a.j.t.JMeterThread: Thread started: Thread Group 1-76
2024-07-31 12:25:06,794 INFO o.a.j.t.JMeterThread: Thread started: Thread Group 1-77
2024-07-31 12:25:06,806 INFO o.a.j.t.JMeterThread: Thread started: Thread Group 1-78
2024-07-31 12:25:06,814 INFO o.a.j.t.JMeterThread: Thread started: Thread Group 1-79
2024-07-31 12:25:06,824 INFO o.a.j.t.JMeterThread: Thread started: Thread Group 1-80
2024-07-31 12:25:06,836 INFO o.a.j.t.JMeterThread: Thread started: Thread Group 1-81
2024-07-31 12:25:06,847 INFO o.a.j.t.JMeterThread: Thread started: Thread Group 1-82
2024-07-31 12:25:06,857 INFO o.a.j.t.JMeterThread: Thread started: Thread Group 1-83
2024-07-31 12:25:06,863 INFO o.a.j.t.JMeterThread: Thread started: Thread Group 1-84
2024-07-31 12:25:06,875 INFO o.a.j.t.JMeterThread: Thread started: Thread Group 1-85
2024-07-31 12:25:06,886 INFO o.a.j.t.JMeterThread: Thread started: Thread Group 1-86
2024-07-31 12:25:06,896 INFO o.a.j.t.JMeterThread: Thread started: Thread Group 1-87
2024-07-31 12:25:06,908 INFO o.a.j.t.JMeterThread: Thread started: Thread Group 1-88
2024-07-31 12:25:06,917 INFO o.a.j.t.JMeterThread: Thread started: Thread Group 1-89
2024-07-31 12:25:06,924 INFO o.a.j.t.JMeterThread: Thread started: Thread Group 1-90
2024-07-31 12:25:06,936 INFO o.a.j.t.JMeterThread: Thread started: Thread Group 1-91
2024-07-31 12:25:06,947 INFO o.a.j.t.JMeterThread: Thread started: Thread Group 1-92
2024-07-31 12:25:06,956 INFO o.a.j.t.JMeterThread: Thread started: Thread Group 1-93
2024-07-31 12:25:06,964 INFO o.a.j.t.JMeterThread: Thread started: Thread Group 1-94
2024-07-31 12:25:06,973 INFO o.a.j.t.JMeterThread: Thread started: Thread Group 1-95
2024-07-31 12:25:06,986 INFO o.a.j.t.JMeterThread: Thread started: Thread Group 1-96
2024-07-31 12:25:06,994 INFO o.a.j.t.JMeterThread: Thread started: Thread Group 1-97
2024-07-31 12:25:07,003 INFO o.a.j.t.JMeterThread: Thread started: Thread Group 1-98
2024-07-31 12:25:07,014 INFO o.a.j.t.JMeterThread: Thread started: Thread Group 1-99
2024-07-31 12:25:07,027 INFO o.a.j.t.JMeterThread: Thread started: Thread Group 1-100
2024-07-31 12:25:07,169 INFO o.a.j.t.JMeterThread: Thread is done: Thread Group 1-6
2024-07-31 12:25:07,169 INFO o.a.j.t.JMeterThread: Thread finished: Thread Group 1-6
2024-07-31 12:25:07,430 INFO o.a.j.t.JMeterThread: Thread is done: Thread Group 1-11
2024-07-31 12:25:07,430 INFO o.a.j.t.JMeterThread: Thread finished: Thread Group 1-11
2024-07-31 12:25:07,816 INFO o.a.j.t.JMeterThread: Thread is done: Thread Group 1-15
2024-07-31 12:25:07,816 INFO o.a.j.t.JMeterThread: Thread finished: Thread Group 1-15
2024-07-31 12:25:08,152 INFO o.a.j.t.JMeterThread: Thread is done: Thread Group 1-82
2024-07-31 12:25:08,153 INFO o.a.j.t.JMeterThread: Thread finished: Thread Group 1-82
2024-07-31 12:25:08,971 INFO o.a.j.t.JMeterThread: Thread is done: Thread Group 1-1
2024-07-31 12:25:08,972 INFO o.a.j.t.JMeterThread: Thread finished: Thread Group 1-1
2024-07-31 12:25:09,162 INFO o.a.j.t.JMeterThread: Thread is done: Thread Group 1-25
2024-07-31 12:25:09,162 INFO o.a.j.t.JMeterThread: Thread finished: Thread Group 1-25
2024-07-31 12:25:09,259 INFO o.a.j.t.JMeterThread: Thread is done: Thread Group 1-16
2024-07-31 12:25:09,259 INFO o.a.j.t.JMeterThread: Thread finished: Thread Group 1-16
2024-07-31 12:25:09,313 INFO o.a.j.t.JMeterThread: Thread is done: Thread Group 1-3
2024-07-31 12:25:09,314 INFO o.a.j.t.JMeterThread: Thread finished: Thread Group 1-3
2024-07-31 12:25:09,393 INFO o.a.j.t.JMeterThread: Thread is done: Thread Group 1-9
2024-07-31 12:25:09,393 INFO o.a.j.t.JMeterThread: Thread finished: Thread Group 1-9
2024-07-31 12:25:09,585 INFO o.a.j.t.JMeterThread: Thread is done: Thread Group 1-23
2024-07-31 12:25:09,585 INFO o.a.j.t.JMeterThread: Thread finished: Thread Group 1-23
2024-07-31 12:25:09,621 INFO o.a.j.t.JMeterThread: Thread is done: Thread Group 1-21
2024-07-31 12:25:09,621 INFO o.a.j.t.JMeterThread: Thread finished: Thread Group 1-21
2024-07-31 12:25:09,850 INFO o.a.j.t.JMeterThread: Thread is done: Thread Group 1-27
2024-07-31 12:25:09,850 INFO o.a.j.t.JMeterThread: Thread finished: Thread Group 1-27
2024-07-31 12:25:09,964 INFO o.a.j.t.JMeterThread: Thread is done: Thread Group 1-17
2024-07-31 12:25:09,964 INFO o.a.j.t.JMeterThread: Thread finished: Thread Group 1-17
2024-07-31 12:25:10,036 INFO o.a.j.t.JMeterThread: Thread is done: Thread Group 1-22
2024-07-31 12:25:10,036 INFO o.a.j.t.JMeterThread: Thread finished: Thread Group 1-22
2024-07-31 12:25:10,233 INFO o.a.j.t.JMeterThread: Thread is done: Thread Group 1-14
2024-07-31 12:25:10,233 INFO o.a.j.t.JMeterThread: Thread finished: Thread Group 1-14
2024-07-31 12:25:10,489 INFO o.a.j.t.JMeterThread: Thread is done: Thread Group 1-19
2024-07-31 12:25:10,489 INFO o.a.j.t.JMeterThread: Thread finished: Thread Group 1-19
2024-07-31 12:25:10,615 INFO o.a.j.t.JMeterThread: Thread is done: Thread Group 1-8
2024-07-31 12:25:10,616 INFO o.a.j.t.JMeterThread: Thread finished: Thread Group 1-8
2024-07-31 12:25:10,751 INFO o.a.j.t.JMeterThread: Thread is done: Thread Group 1-29
2024-07-31 12:25:10,751 INFO o.a.j.t.JMeterThread: Thread finished: Thread Group 1-29
2024-07-31 12:25:10,784 INFO o.a.j.t.JMeterThread: Thread is done: Thread Group 1-5
2024-07-31 12:25:10,784 INFO o.a.j.t.JMeterThread: Thread finished: Thread Group 1-5
2024-07-31 12:25:10,830 INFO o.a.j.t.JMeterThread: Thread is done: Thread Group 1-2
2024-07-31 12:25:10,830 INFO o.a.j.t.JMeterThread: Thread finished: Thread Group 1-2
2024-07-31 12:25:11,051 INFO o.a.j.t.JMeterThread: Thread is done: Thread Group 1-18
2024-07-31 12:25:11,051 INFO o.a.j.t.JMeterThread: Thread finished: Thread Group 1-18
2024-07-31 12:25:11,146 INFO o.a.j.t.JMeterThread: Thread is done: Thread Group 1-30
2024-07-31 12:25:11,146 INFO o.a.j.t.JMeterThread: Thread finished: Thread Group 1-30
2024-07-31 12:25:11,417 INFO o.a.j.t.JMeterThread: Thread is done: Thread Group 1-10
2024-07-31 12:25:11,417 INFO o.a.j.t.JMeterThread: Thread finished: Thread Group 1-10
2024-07-31 12:25:11,622 INFO o.a.j.t.JMeterThread: Thread is done: Thread Group 1-26
2024-07-31 12:25:11,623 INFO o.a.j.t.JMeterThread: Thread finished: Thread Group 1-26
2024-07-31 12:25:11,738 INFO o.a.j.t.JMeterThread: Thread is done: Thread Group 1-37
2024-07-31 12:25:11,738 INFO o.a.j.t.JMeterThread: Thread finished: Thread Group 1-37
2024-07-31 12:25:11,808 INFO o.a.j.t.JMeterThread: Thread is done: Thread Group 1-12
2024-07-31 12:25:11,809 INFO o.a.j.t.JMeterThread: Thread finished: Thread Group 1-12
2024-07-31 12:25:11,898 INFO o.a.j.t.JMeterThread: Thread is done: Thread Group 1-13
2024-07-31 12:25:11,898 INFO o.a.j.t.JMeterThread: Thread finished: Thread Group 1-13
2024-07-31 12:25:12,045 INFO o.a.j.t.JMeterThread: Thread is done: Thread Group 1-24
2024-07-31 12:25:12,045 INFO o.a.j.t.JMeterThread: Thread finished: Thread Group 1-24
2024-07-31 12:25:12,254 INFO o.a.j.t.JMeterThread: Thread is done: Thread Group 1-38
2024-07-31 12:25:12,255 INFO o.a.j.t.JMeterThread: Thread finished: Thread Group 1-38
2024-07-31 12:25:12,462 INFO o.a.j.t.JMeterThread: Thread is done: Thread Group 1-31
2024-07-31 12:25:12,463 INFO o.a.j.t.JMeterThread: Thread finished: Thread Group 1-31
2024-07-31 12:25:12,512 INFO o.a.j.t.JMeterThread: Thread is done: Thread Group 1-32
2024-07-31 12:25:12,512 INFO o.a.j.t.JMeterThread: Thread finished: Thread Group 1-32
2024-07-31 12:25:12,583 INFO o.a.j.t.JMeterThread: Thread is done: Thread Group 1-39
2024-07-31 12:25:12,584 INFO o.a.j.t.JMeterThread: Thread finished: Thread Group 1-39
2024-07-31 12:25:12,649 INFO o.a.j.t.JMeterThread: Thread is done: Thread Group 1-36
2024-07-31 12:25:12,650 INFO o.a.j.t.JMeterThread: Thread finished: Thread Group 1-36
2024-07-31 12:25:13,032 INFO o.a.j.t.JMeterThread: Thread is done: Thread Group 1-28
2024-07-31 12:25:13,032 INFO o.a.j.t.JMeterThread: Thread finished: Thread Group 1-28
2024-07-31 12:25:13,185 INFO o.a.j.t.JMeterThread: Thread is done: Thread Group 1-34
2024-07-31 12:25:13,185 INFO o.a.j.t.JMeterThread: Thread finished: Thread Group 1-34
2024-07-31 12:25:13,428 INFO o.a.j.t.JMeterThread: Thread is done: Thread Group 1-46
2024-07-31 12:25:13,429 INFO o.a.j.t.JMeterThread: Thread finished: Thread Group 1-46
2024-07-31 12:25:13,489 INFO o.a.j.t.JMeterThread: Thread is done: Thread Group 1-44
2024-07-31 12:25:13,489 INFO o.a.j.t.JMeterThread: Thread finished: Thread Group 1-44
2024-07-31 12:25:14,398 INFO o.a.j.t.JMeterThread: Thread is done: Thread Group 1-56
2024-07-31 12:25:14,398 INFO o.a.j.t.JMeterThread: Thread finished: Thread Group 1-56
2024-07-31 12:25:14,400 INFO o.a.j.t.JMeterThread: Thread is done: Thread Group 1-58
2024-07-31 12:25:14,400 INFO o.a.j.t.JMeterThread: Thread finished: Thread Group 1-58
2024-07-31 12:25:14,411 INFO o.a.j.t.JMeterThread: Thread is done: Thread Group 1-57
2024-07-31 12:25:14,411 INFO o.a.j.t.JMeterThread: Thread finished: Thread Group 1-57
2024-07-31 12:25:14,439 INFO o.a.j.t.JMeterThread: Thread is done: Thread Group 1-4
2024-07-31 12:25:14,439 INFO o.a.j.t.JMeterThread: Thread finished: Thread Group 1-4
2024-07-31 12:25:15,187 INFO o.a.j.t.JMeterThread: Thread is done: Thread Group 1-41
2024-07-31 12:25:15,187 INFO o.a.j.t.JMeterThread: Thread finished: Thread Group 1-41
2024-07-31 12:25:15,285 INFO o.a.j.t.JMeterThread: Thread is done: Thread Group 1-33
2024-07-31 12:25:15,285 INFO o.a.j.t.JMeterThread: Thread finished: Thread Group 1-33
2024-07-31 12:25:15,377 INFO o.a.j.t.JMeterThread: Thread is done: Thread Group 1-40
2024-07-31 12:25:15,377 INFO o.a.j.t.JMeterThread: Thread finished: Thread Group 1-40
2024-07-31 12:25:15,455 INFO o.a.j.t.JMeterThread: Thread is done: Thread Group 1-49
2024-07-31 12:25:15,455 INFO o.a.j.t.JMeterThread: Thread finished: Thread Group 1-49
2024-07-31 12:25:15,486 INFO o.a.j.t.JMeterThread: Thread is done: Thread Group 1-35
2024-07-31 12:25:15,486 INFO o.a.j.t.JMeterThread: Thread finished: Thread Group 1-35
2024-07-31 12:25:15,588 INFO o.a.j.t.JMeterThread: Thread is done: Thread Group 1-60
2024-07-31 12:25:15,588 INFO o.a.j.t.JMeterThread: Thread finished: Thread Group 1-60
2024-07-31 12:25:15,734 INFO o.a.j.t.JMeterThread: Thread is done: Thread Group 1-50
2024-07-31 12:25:15,735 INFO o.a.j.t.JMeterThread: Thread finished: Thread Group 1-50
2024-07-31 12:25:15,759 INFO o.a.j.t.JMeterThread: Thread is done: Thread Group 1-63
2024-07-31 12:25:15,759 INFO o.a.j.t.JMeterThread: Thread finished: Thread Group 1-63
2024-07-31 12:25:15,848 INFO o.a.j.t.JMeterThread: Thread is done: Thread Group 1-62
2024-07-31 12:25:15,848 INFO o.a.j.t.JMeterThread: Thread finished: Thread Group 1-62
2024-07-31 12:25:15,994 INFO o.a.j.t.JMeterThread: Thread is done: Thread Group 1-47
2024-07-31 12:25:15,994 INFO o.a.j.t.JMeterThread: Thread finished: Thread Group 1-47
2024-07-31 12:25:16,063 INFO o.a.j.t.JMeterThread: Thread is done: Thread Group 1-43
2024-07-31 12:25:16,063 INFO o.a.j.t.JMeterThread: Thread finished: Thread Group 1-43
2024-07-31 12:25:16,163 INFO o.a.j.t.JMeterThread: Thread is done: Thread Group 1-7
2024-07-31 12:25:16,163 INFO o.a.j.t.JMeterThread: Thread finished: Thread Group 1-7
2024-07-31 12:25:16,576 INFO o.a.j.t.JMeterThread: Thread is done: Thread Group 1-55
2024-07-31 12:25:16,576 INFO o.a.j.t.JMeterThread: Thread finished: Thread Group 1-55
2024-07-31 12:25:16,845 INFO o.a.j.t.JMeterThread: Thread is done: Thread Group 1-48
2024-07-31 12:25:16,846 INFO o.a.j.t.JMeterThread: Thread finished: Thread Group 1-48
2024-07-31 12:25:16,923 INFO o.a.j.t.JMeterThread: Thread is done: Thread Group 1-65
2024-07-31 12:25:16,924 INFO o.a.j.t.JMeterThread: Thread finished: Thread Group 1-65
2024-07-31 12:25:17,120 INFO o.a.j.t.JMeterThread: Thread is done: Thread Group 1-69
2024-07-31 12:25:17,120 INFO o.a.j.t.JMeterThread: Thread finished: Thread Group 1-69
2024-07-31 12:25:17,216 INFO o.a.j.t.JMeterThread: Thread is done: Thread Group 1-59
2024-07-31 12:25:17,216 INFO o.a.j.t.JMeterThread: Thread finished: Thread Group 1-59
2024-07-31 12:25:17,232 INFO o.a.j.t.JMeterThread: Thread is done: Thread Group 1-45
2024-07-31 12:25:17,232 INFO o.a.j.t.JMeterThread: Thread finished: Thread Group 1-45
2024-07-31 12:25:17,411 INFO o.a.j.t.JMeterThread: Thread is done: Thread Group 1-72
2024-07-31 12:25:17,411 INFO o.a.j.t.JMeterThread: Thread finished: Thread Group 1-72
2024-07-31 12:25:17,457 INFO o.a.j.t.JMeterThread: Thread is done: Thread Group 1-64
2024-07-31 12:25:17,457 INFO o.a.j.t.JMeterThread: Thread finished: Thread Group 1-64
2024-07-31 12:25:17,596 INFO o.a.j.t.JMeterThread: Thread is done: Thread Group 1-67
2024-07-31 12:25:17,596 INFO o.a.j.t.JMeterThread: Thread finished: Thread Group 1-67
2024-07-31 12:25:17,812 INFO o.a.j.t.JMeterThread: Thread is done: Thread Group 1-71
2024-07-31 12:25:17,812 INFO o.a.j.t.JMeterThread: Thread finished: Thread Group 1-71
2024-07-31 12:25:18,772 INFO o.a.j.t.JMeterThread: Thread is done: Thread Group 1-76
2024-07-31 12:25:18,772 INFO o.a.j.t.JMeterThread: Thread finished: Thread Group 1-76
2024-07-31 12:25:18,807 INFO o.a.j.t.JMeterThread: Thread is done: Thread Group 1-85
2024-07-31 12:25:18,808 INFO o.a.j.t.JMeterThread: Thread finished: Thread Group 1-85
2024-07-31 12:25:18,949 INFO o.a.j.t.JMeterThread: Thread is done: Thread Group 1-66
2024-07-31 12:25:18,949 INFO o.a.j.t.JMeterThread: Thread finished: Thread Group 1-66
2024-07-31 12:25:19,125 INFO o.a.j.t.JMeterThread: Thread is done: Thread Group 1-70
2024-07-31 12:25:19,125 INFO o.a.j.t.JMeterThread: Thread finished: Thread Group 1-70
2024-07-31 12:25:19,220 INFO o.a.j.t.JMeterThread: Thread is done: Thread Group 1-73
2024-07-31 12:25:19,220 INFO o.a.j.t.JMeterThread: Thread finished: Thread Group 1-73
2024-07-31 12:25:19,454 INFO o.a.j.t.JMeterThread: Thread is done: Thread Group 1-51
2024-07-31 12:25:19,454 INFO o.a.j.t.JMeterThread: Thread finished: Thread Group 1-51
2024-07-31 12:25:19,546 INFO o.a.j.t.JMeterThread: Thread is done: Thread Group 1-52
2024-07-31 12:25:19,546 INFO o.a.j.t.JMeterThread: Thread finished: Thread Group 1-52
2024-07-31 12:25:19,773 INFO o.a.j.t.JMeterThread: Thread is done: Thread Group 1-61
2024-07-31 12:25:19,773 INFO o.a.j.t.JMeterThread: Thread finished: Thread Group 1-61
2024-07-31 12:25:19,813 INFO o.a.j.t.JMeterThread: Thread is done: Thread Group 1-80
2024-07-31 12:25:19,813 INFO o.a.j.t.JMeterThread: Thread finished: Thread Group 1-80
2024-07-31 12:25:19,865 INFO o.a.j.t.JMeterThread: Thread is done: Thread Group 1-86
2024-07-31 12:25:19,865 INFO o.a.j.t.JMeterThread: Thread finished: Thread Group 1-86
2024-07-31 12:25:19,895 INFO o.a.j.t.JMeterThread: Thread is done: Thread Group 1-68
2024-07-31 12:25:19,896 INFO o.a.j.t.JMeterThread: Thread finished: Thread Group 1-68
2024-07-31 12:25:20,262 INFO o.a.j.t.JMeterThread: Thread is done: Thread Group 1-75
2024-07-31 12:25:20,262 INFO o.a.j.t.JMeterThread: Thread finished: Thread Group 1-75
2024-07-31 12:25:20,350 INFO o.a.j.t.JMeterThread: Thread is done: Thread Group 1-54
2024-07-31 12:25:20,350 INFO o.a.j.t.JMeterThread: Thread finished: Thread Group 1-54
2024-07-31 12:25:20,371 INFO o.a.j.t.JMeterThread: Thread is done: Thread Group 1-53
2024-07-31 12:25:20,371 INFO o.a.j.t.JMeterThread: Thread finished: Thread Group 1-53
2024-07-31 12:25:20,503 INFO o.a.j.t.JMeterThread: Thread is done: Thread Group 1-77
2024-07-31 12:25:20,503 INFO o.a.j.t.JMeterThread: Thread finished: Thread Group 1-77
2024-07-31 12:25:20,848 INFO o.a.j.t.JMeterThread: Thread is done: Thread Group 1-91
2024-07-31 12:25:20,848 INFO o.a.j.t.JMeterThread: Thread finished: Thread Group 1-91
2024-07-31 12:25:20,962 INFO o.a.j.t.JMeterThread: Thread is done: Thread Group 1-20
2024-07-31 12:25:20,962 INFO o.a.j.t.JMeterThread: Thread finished: Thread Group 1-20
2024-07-31 12:25:21,068 INFO o.a.j.t.JMeterThread: Thread is done: Thread Group 1-90
2024-07-31 12:25:21,068 INFO o.a.j.t.JMeterThread: Thread finished: Thread Group 1-90
2024-07-31 12:25:21,156 INFO o.a.j.t.JMeterThread: Thread is done: Thread Group 1-78
2024-07-31 12:25:21,156 INFO o.a.j.t.JMeterThread: Thread finished: Thread Group 1-78
2024-07-31 12:25:21,495 INFO o.a.j.t.JMeterThread: Thread is done: Thread Group 1-95
2024-07-31 12:25:21,495 INFO o.a.j.t.JMeterThread: Thread finished: Thread Group 1-95
2024-07-31 12:25:21,653 INFO o.a.j.t.JMeterThread: Thread is done: Thread Group 1-88
2024-07-31 12:25:21,654 INFO o.a.j.t.JMeterThread: Thread finished: Thread Group 1-88
2024-07-31 12:25:21,898 INFO o.a.j.t.JMeterThread: Thread is done: Thread Group 1-94
2024-07-31 12:25:21,898 INFO o.a.j.t.JMeterThread: Thread finished: Thread Group 1-94
2024-07-31 12:25:21,941 INFO o.a.j.t.JMeterThread: Thread is done: Thread Group 1-99
2024-07-31 12:25:21,941 INFO o.a.j.t.JMeterThread: Thread finished: Thread Group 1-99
2024-07-31 12:25:22,007 INFO o.a.j.t.JMeterThread: Thread is done: Thread Group 1-42
2024-07-31 12:25:22,007 INFO o.a.j.t.JMeterThread: Thread finished: Thread Group 1-42
2024-07-31 12:25:22,139 INFO o.a.j.t.JMeterThread: Thread is done: Thread Group 1-93
2024-07-31 12:25:22,139 INFO o.a.j.t.JMeterThread: Thread finished: Thread Group 1-93
2024-07-31 12:25:22,230 INFO o.a.j.t.JMeterThread: Thread is done: Thread Group 1-96
2024-07-31 12:25:22,230 INFO o.a.j.t.JMeterThread: Thread finished: Thread Group 1-96
2024-07-31 12:25:22,239 INFO o.a.j.t.JMeterThread: Thread is done: Thread Group 1-97
2024-07-31 12:25:22,239 INFO o.a.j.t.JMeterThread: Thread finished: Thread Group 1-97
2024-07-31 12:25:22,253 INFO o.a.j.t.JMeterThread: Thread is done: Thread Group 1-87
2024-07-31 12:25:22,254 INFO o.a.j.t.JMeterThread: Thread finished: Thread Group 1-87
2024-07-31 12:25:22,281 INFO o.a.j.t.JMeterThread: Thread is done: Thread Group 1-92
2024-07-31 12:25:22,282 INFO o.a.j.t.JMeterThread: Thread finished: Thread Group 1-92
2024-07-31 12:25:22,386 INFO o.a.j.t.JMeterThread: Thread is done: Thread Group 1-74
2024-07-31 12:25:22,386 INFO o.a.j.t.JMeterThread: Thread finished: Thread Group 1-74
2024-07-31 12:25:22,493 INFO o.a.j.t.JMeterThread: Thread is done: Thread Group 1-98
2024-07-31 12:25:22,494 INFO o.a.j.t.JMeterThread: Thread finished: Thread Group 1-98
2024-07-31 12:25:22,587 INFO o.a.j.t.JMeterThread: Thread is done: Thread Group 1-89
2024-07-31 12:25:22,588 INFO o.a.j.t.JMeterThread: Thread finished: Thread Group 1-89
2024-07-31 12:25:22,610 INFO o.a.j.t.JMeterThread: Thread is done: Thread Group 1-84
2024-07-31 12:25:22,610 INFO o.a.j.t.JMeterThread: Thread finished: Thread Group 1-84
2024-07-31 12:25:22,613 INFO o.a.j.t.JMeterThread: Thread is done: Thread Group 1-81
2024-07-31 12:25:22,613 INFO o.a.j.t.JMeterThread: Thread finished: Thread Group 1-81
2024-07-31 12:25:22,757 INFO o.a.j.t.JMeterThread: Thread is done: Thread Group 1-79
2024-07-31 12:25:22,758 INFO o.a.j.t.JMeterThread: Thread finished: Thread Group 1-79
2024-07-31 12:25:22,772 INFO o.a.j.t.JMeterThread: Thread is done: Thread Group 1-100
2024-07-31 12:25:22,772 INFO o.a.j.t.JMeterThread: Thread finished: Thread Group 1-100
2024-07-31 12:25:22,775 INFO o.a.j.t.JMeterThread: Thread is done: Thread Group 1-83
2024-07-31 12:25:22,775 INFO o.a.j.t.JMeterThread: Thread finished: Thread Group 1-83
2024-07-31 12:25:22,776 INFO o.a.j.e.StandardJMeterEngine: Notifying test listeners of end of test
2024-07-31 12:25:22,782 INFO o.a.j.r.Summariser: summary =    100 in 00:00:17 =    6.0/s Avg:  9402 Min:   943 Max: 15941 Err:     0 (0.00%)
